<?xml version="1.0" encoding="UTF-8"?>
<!-- Generated by org.testng.reporters.JUnitReportReporter -->
<testsuite hostname="DESKTOP-8G6OKCB" failures="0" tests="1" name="cucumber.TestRunner" time="59.728" errors="0" timestamp="2024-07-14T09:55:19 IST" skipped="0">
  <testcase classname="cucumber.TestRunner" name="runScenario" time="59.728"/>
  <system-out>
    <![CDATA[Login page is loaded successfully
<a href="D:\Auto\Capstone_SDETAdvanced\test-output\reports\archive\Login_14_07_24_09_54_33_892.png"> <img src="D:\Auto\Capstone_SDETAdvanced\test-output\reports\archive\Login_14_07_24_09_54_33_892.png" height='100' width='100'/> </a>

Username entered with standard_user
<a href="D:\Auto\Capstone_SDETAdvanced\test-output\reports\archive\Username_14_07_24_09_54_40_863.png"> <img src="D:\Auto\Capstone_SDETAdvanced\test-output\reports\archive\Username_14_07_24_09_54_40_863.png" height='100' width='100'/> </a>

Password entered with secret_sauce
<a href="D:\Auto\Capstone_SDETAdvanced\test-output\reports\archive\Password_14_07_24_09_54_41_316.png"> <img src="D:\Auto\Capstone_SDETAdvanced\test-output\reports\archive\Password_14_07_24_09_54_41_316.png" height='100' width='100'/> </a>

ProductPage page is loaded successfully
<a href="D:\Auto\Capstone_SDETAdvanced\test-output\reports\archive\ProductPage_14_07_24_09_54_44_798.png"> <img src="D:\Auto\Capstone_SDETAdvanced\test-output\reports\archive\ProductPage_14_07_24_09_54_44_798.png" height='100' width='100'/> </a>

ProductPage Element is not loaded successfully
<a href="D:\Auto\Capstone_SDETAdvanced\test-output\reports\archive\ProductPage_14_07_24_09_54_49_368.png"> <img src="D:\Auto\Capstone_SDETAdvanced\test-output\reports\archive\ProductPage_14_07_24_09_54_49_368.png" height='100' width='100'/> </a>

ProductPage Element is not loaded successfully
<a href="D:\Auto\Capstone_SDETAdvanced\test-output\reports\archive\ProductPage_14_07_24_09_54_59_859.png"> <img src="D:\Auto\Capstone_SDETAdvanced\test-output\reports\archive\ProductPage_14_07_24_09_54_59_859.png" height='100' width='100'/> </a>

Your Cart Element is loaded successfully
<a href="D:\Auto\Capstone_SDETAdvanced\test-output\reports\archive\Your Cart_14_07_24_09_55_03_562.png"> <img src="D:\Auto\Capstone_SDETAdvanced\test-output\reports\archive\Your Cart_14_07_24_09_55_03_562.png" height='100' width='100'/> </a>

Checkout: Your Information Element is loaded successfully
<a href="D:\Auto\Capstone_SDETAdvanced\test-output\reports\archive\Checkout: Your Information_14_07_24_09_55_07_267.png"> <img src="D:\Auto\Capstone_SDETAdvanced\test-output\reports\archive\Checkout: Your Information_14_07_24_09_55_07_267.png" height='100' width='100'/> </a>

FirstName entered with James
<a href="D:\Auto\Capstone_SDETAdvanced\test-output\reports\archive\FirstName_14_07_24_09_55_07_804.png"> <img src="D:\Auto\Capstone_SDETAdvanced\test-output\reports\archive\FirstName_14_07_24_09_55_07_804.png" height='100' width='100'/> </a>

LastName entered with David
<a href="D:\Auto\Capstone_SDETAdvanced\test-output\reports\archive\LastName_14_07_24_09_55_08_254.png"> <img src="D:\Auto\Capstone_SDETAdvanced\test-output\reports\archive\LastName_14_07_24_09_55_08_254.png" height='100' width='100'/> </a>

ZipCode entered with 6000393
<a href="D:\Auto\Capstone_SDETAdvanced\test-output\reports\archive\ZipCode_14_07_24_09_55_08_748.png"> <img src="D:\Auto\Capstone_SDETAdvanced\test-output\reports\archive\ZipCode_14_07_24_09_55_08_748.png" height='100' width='100'/> </a>

Checkout: Overview Element is loaded successfully
<a href="D:\Auto\Capstone_SDETAdvanced\test-output\reports\archive\Checkout: Overview_14_07_24_09_55_10_759.png"> <img src="D:\Auto\Capstone_SDETAdvanced\test-output\reports\archive\Checkout: Overview_14_07_24_09_55_10_759.png" height='100' width='100'/> </a>

Confirm Element is loaded successfully
<a href="D:\Auto\Capstone_SDETAdvanced\test-output\reports\archive\Confirm_14_07_24_09_55_12_478.png"> <img src="D:\Auto\Capstone_SDETAdvanced\test-output\reports\archive\Confirm_14_07_24_09_55_12_478.png" height='100' width='100'/> </a>
]]>
  </system-out>
</testsuite> <!-- cucumber.TestRunner -->
