<?xml version="1.0" encoding="UTF-8"?>
<!-- Generated by org.testng.reporters.JUnitReportReporter -->
<testsuite hostname="DESKTOP-8G6OKCB" failures="0" tests="1" name="cucumber.DataProvidersTest" time="0.017" errors="0" timestamp="2024-07-14T09:55:19 IST" skipped="0">
  <testcase classname="cucumber.DataProvidersTest" name="setCredentials" time="0.017"/>
  <system-out/>
</testsuite> <!-- cucumber.DataProvidersTest -->
