<?xml version="1.0" encoding="UTF-8"?>
<!-- Generated by org.testng.reporters.JUnitReportReporter -->
<testsuite hostname="DESKTOP-8G6OKCB" failures="0" tests="1" name="cucumber.TestRunner" time="90.016" errors="0" timestamp="2024-07-14T09:51:39 IST" skipped="0">
  <testcase classname="cucumber.TestRunner" name="runScenario" time="90.016"/>
  <system-out>
    <![CDATA[Login page is loaded successfully
<a href="D:\Auto\Capstone_SDETAdvanced\test-output\reports\archive\Login_14_07_24_09_50_43_882.png"> <img src="D:\Auto\Capstone_SDETAdvanced\test-output\reports\archive\Login_14_07_24_09_50_43_882.png" height='100' width='100'/> </a>

Username entered with standard_user
<a href="D:\Auto\Capstone_SDETAdvanced\test-output\reports\archive\Username_14_07_24_09_50_47_814.png"> <img src="D:\Auto\Capstone_SDETAdvanced\test-output\reports\archive\Username_14_07_24_09_50_47_814.png" height='100' width='100'/> </a>

Password entered with secret_sauce
<a href="D:\Auto\Capstone_SDETAdvanced\test-output\reports\archive\Password_14_07_24_09_50_48_479.png"> <img src="D:\Auto\Capstone_SDETAdvanced\test-output\reports\archive\Password_14_07_24_09_50_48_479.png" height='100' width='100'/> </a>

ProductPage page is loaded successfully
<a href="D:\Auto\Capstone_SDETAdvanced\test-output\reports\archive\ProductPage_14_07_24_09_50_51_814.png"> <img src="D:\Auto\Capstone_SDETAdvanced\test-output\reports\archive\ProductPage_14_07_24_09_50_51_814.png" height='100' width='100'/> </a>

ProductPage Element is not loaded successfully
<a href="D:\Auto\Capstone_SDETAdvanced\test-output\reports\archive\ProductPage_14_07_24_09_51_00_325.png"> <img src="D:\Auto\Capstone_SDETAdvanced\test-output\reports\archive\ProductPage_14_07_24_09_51_00_325.png" height='100' width='100'/> </a>

ProductPage Element is not loaded successfully
<a href="D:\Auto\Capstone_SDETAdvanced\test-output\reports\archive\ProductPage_14_07_24_09_51_13_754.png"> <img src="D:\Auto\Capstone_SDETAdvanced\test-output\reports\archive\ProductPage_14_07_24_09_51_13_754.png" height='100' width='100'/> </a>

Your Cart Element is loaded successfully
<a href="D:\Auto\Capstone_SDETAdvanced\test-output\reports\archive\Your Cart_14_07_24_09_51_17_914.png"> <img src="D:\Auto\Capstone_SDETAdvanced\test-output\reports\archive\Your Cart_14_07_24_09_51_17_914.png" height='100' width='100'/> </a>

Checkout: Your Information Element is loaded successfully
<a href="D:\Auto\Capstone_SDETAdvanced\test-output\reports\archive\Checkout: Your Information_14_07_24_09_51_22_367.png"> <img src="D:\Auto\Capstone_SDETAdvanced\test-output\reports\archive\Checkout: Your Information_14_07_24_09_51_22_367.png" height='100' width='100'/> </a>

FirstName entered with James
<a href="D:\Auto\Capstone_SDETAdvanced\test-output\reports\archive\FirstName_14_07_24_09_51_24_188.png"> <img src="D:\Auto\Capstone_SDETAdvanced\test-output\reports\archive\FirstName_14_07_24_09_51_24_188.png" height='100' width='100'/> </a>

LastName entered with David
<a href="D:\Auto\Capstone_SDETAdvanced\test-output\reports\archive\LastName_14_07_24_09_51_25_157.png"> <img src="D:\Auto\Capstone_SDETAdvanced\test-output\reports\archive\LastName_14_07_24_09_51_25_157.png" height='100' width='100'/> </a>

ZipCode entered with 6000393
<a href="D:\Auto\Capstone_SDETAdvanced\test-output\reports\archive\ZipCode_14_07_24_09_51_25_673.png"> <img src="D:\Auto\Capstone_SDETAdvanced\test-output\reports\archive\ZipCode_14_07_24_09_51_25_673.png" height='100' width='100'/> </a>

Checkout: Overview Element is loaded successfully
<a href="D:\Auto\Capstone_SDETAdvanced\test-output\reports\archive\Checkout: Overview_14_07_24_09_51_29_618.png"> <img src="D:\Auto\Capstone_SDETAdvanced\test-output\reports\archive\Checkout: Overview_14_07_24_09_51_29_618.png" height='100' width='100'/> </a>

Confirm Element is loaded successfully
<a href="D:\Auto\Capstone_SDETAdvanced\test-output\reports\archive\Confirm_14_07_24_09_51_31_819.png"> <img src="D:\Auto\Capstone_SDETAdvanced\test-output\reports\archive\Confirm_14_07_24_09_51_31_819.png" height='100' width='100'/> </a>
]]>
  </system-out>
</testsuite> <!-- cucumber.TestRunner -->
