<?xml version="1.0" encoding="UTF-8"?>
<!-- Generated by org.testng.reporters.JUnitReportReporter -->
<testsuite hostname="DESKTOP-8G6OKCB" failures="0" tests="1" name="cucumber.TestRunner" time="56.706" errors="0" timestamp="2024-07-14T13:19:25 IST" skipped="0">
  <testcase classname="cucumber.TestRunner" name="runScenario" time="56.706"/>
  <system-out>
    <![CDATA[Login page is loaded successfully
<a href="D:\Auto\Capstone_SDET_Aadvanced\test-output\reports\archive\Login_14_07_24_13_18_27_777.png"> <img src="D:\Auto\Capstone_SDET_Aadvanced\test-output\reports\archive\Login_14_07_24_13_18_27_777.png" height='100' width='100'/> </a>

Username entered with standard_user
<a href="D:\Auto\Capstone_SDET_Aadvanced\test-output\reports\archive\Username_14_07_24_13_18_30_957.png"> <img src="D:\Auto\Capstone_SDET_Aadvanced\test-output\reports\archive\Username_14_07_24_13_18_30_957.png" height='100' width='100'/> </a>

Password entered with secret_sauce
<a href="D:\Auto\Capstone_SDET_Aadvanced\test-output\reports\archive\Password_14_07_24_13_18_31_634.png"> <img src="D:\Auto\Capstone_SDET_Aadvanced\test-output\reports\archive\Password_14_07_24_13_18_31_634.png" height='100' width='100'/> </a>

ProductPage page is loaded successfully
<a href="D:\Auto\Capstone_SDET_Aadvanced\test-output\reports\archive\ProductPage_14_07_24_13_18_34_877.png"> <img src="D:\Auto\Capstone_SDET_Aadvanced\test-output\reports\archive\ProductPage_14_07_24_13_18_34_877.png" height='100' width='100'/> </a>

ProductPage Element is not loaded successfully
<a href="D:\Auto\Capstone_SDET_Aadvanced\test-output\reports\archive\ProductPage_14_07_24_13_18_39_519.png"> <img src="D:\Auto\Capstone_SDET_Aadvanced\test-output\reports\archive\ProductPage_14_07_24_13_18_39_519.png" height='100' width='100'/> </a>

ProductPage Element is not loaded successfully
<a href="D:\Auto\Capstone_SDET_Aadvanced\test-output\reports\archive\ProductPage_14_07_24_13_18_55_786.png"> <img src="D:\Auto\Capstone_SDET_Aadvanced\test-output\reports\archive\ProductPage_14_07_24_13_18_55_786.png" height='100' width='100'/> </a>

Your Cart Element is loaded successfully
<a href="D:\Auto\Capstone_SDET_Aadvanced\test-output\reports\archive\Your Cart_14_07_24_13_19_00_183.png"> <img src="D:\Auto\Capstone_SDET_Aadvanced\test-output\reports\archive\Your Cart_14_07_24_13_19_00_183.png" height='100' width='100'/> </a>

Checkout: Your Information Element is loaded successfully
<a href="D:\Auto\Capstone_SDET_Aadvanced\test-output\reports\archive\Checkout: Your Information_14_07_24_13_19_03_965.png"> <img src="D:\Auto\Capstone_SDET_Aadvanced\test-output\reports\archive\Checkout: Your Information_14_07_24_13_19_03_965.png" height='100' width='100'/> </a>

FirstName entered with James
<a href="D:\Auto\Capstone_SDET_Aadvanced\test-output\reports\archive\FirstName_14_07_24_13_19_04_832.png"> <img src="D:\Auto\Capstone_SDET_Aadvanced\test-output\reports\archive\FirstName_14_07_24_13_19_04_832.png" height='100' width='100'/> </a>

LastName entered with David
<a href="D:\Auto\Capstone_SDET_Aadvanced\test-output\reports\archive\LastName_14_07_24_13_19_06_281.png"> <img src="D:\Auto\Capstone_SDET_Aadvanced\test-output\reports\archive\LastName_14_07_24_13_19_06_281.png" height='100' width='100'/> </a>

ZipCode entered with 6000393
<a href="D:\Auto\Capstone_SDET_Aadvanced\test-output\reports\archive\ZipCode_14_07_24_13_19_07_216.png"> <img src="D:\Auto\Capstone_SDET_Aadvanced\test-output\reports\archive\ZipCode_14_07_24_13_19_07_216.png" height='100' width='100'/> </a>

Checkout: Overview Element is loaded successfully
<a href="D:\Auto\Capstone_SDET_Aadvanced\test-output\reports\archive\Checkout: Overview_14_07_24_13_19_09_375.png"> <img src="D:\Auto\Capstone_SDET_Aadvanced\test-output\reports\archive\Checkout: Overview_14_07_24_13_19_09_375.png" height='100' width='100'/> </a>

Confirm Element is loaded successfully
<a href="D:\Auto\Capstone_SDET_Aadvanced\test-output\reports\archive\Confirm_14_07_24_13_19_11_606.png"> <img src="D:\Auto\Capstone_SDET_Aadvanced\test-output\reports\archive\Confirm_14_07_24_13_19_11_606.png" height='100' width='100'/> </a>
]]>
  </system-out>
</testsuite> <!-- cucumber.TestRunner -->
